[14-Apr-2014 19:59:47] PHP Warning:  file_get_contents(http://viaf.org/viaf/search?query=local.personalNames+all+Cupere%2C+Peter+De&httpAccept=application%2Frss%2Bxml): failed to open stream: HTTP request failed!  in /home/web/reconciliation/reco3/services/reconciliation_viaf.php on line 68
[14-Apr-2014 19:59:47] PHP Warning:  file_get_contents(http://viaf.org/viaf/search?query=local.personalNames+all+Essex+Camera+Corp.&httpAccept=application%2Frss%2Bxml): failed to open stream: HTTP request failed!  in /home/web/reconciliation/reco3/services/reconciliation_viaf.php on line 68
[14-Apr-2014 19:59:47] PHP Warning:  file_get_contents(http://viaf.org/viaf/search?query=local.personalNames+all+Bosiers%2C+Ren%C3%A9&httpAccept=application%2Frss%2Bxml): failed to open stream: HTTP request failed!  in /home/web/reconciliation/reco3/services/reconciliation_viaf.php on line 68
[14-Apr-2014 19:59:47] PHP Warning:  file_get_contents(http://viaf.org/viaf/search?query=local.personalNames+all+Dekkers%2C+Ad&httpAccept=application%2Frss%2Bxml): failed to open stream: HTTP request failed!  in /home/web/reconciliation/reco3/services/reconciliation_viaf.php on line 68
[14-Apr-2014 19:59:47] PHP Warning:  file_get_contents(http://viaf.org/viaf/search?query=local.personalNames+all+Ampro&httpAccept=application%2Frss%2Bxml): failed to open stream: HTTP request failed!  in /home/web/reconciliation/reco3/services/reconciliation_viaf.php on line 68
[14-Apr-2014 19:59:47] PHP Warning:  file_get_contents(http://viaf.org/viaf/search?query=local.personalNames+all+Dumarais%2C+Freek&httpAccept=application%2Frss%2Bxml): failed to open stream: HTTP request failed!  in /home/web/reconciliation/reco3/services/reconciliation_viaf.php on line 68
[14-Apr-2014 19:59:48] PHP Warning:  file_get_contents(http://viaf.org/viaf/search?query=local.personalNames+all+Janssens%2C+Ann+Veronica&httpAccept=application%2Frss%2Bxml): failed to open stream: HTTP request failed!  in /home/web/reconciliation/reco3/services/reconciliation_viaf.php on line 68
[14-Apr-2014 19:59:49] PHP Warning:  file_get_contents(http://viaf.org/viaf/search?query=local.personalNames+all+Siberdt%2C+Eug%C3%A8ne&httpAccept=application%2Frss%2Bxml): failed to open stream: HTTP request failed!  in /home/web/reconciliation/reco3/services/reconciliation_viaf.php on line 68
[14-Apr-2014 19:59:49] PHP Warning:  file_get_contents(http://viaf.org/viaf/search?query=local.personalNames+all+Baegert%2C+Derick&httpAccept=application%2Frss%2Bxml): failed to open stream: HTTP request failed!  in /home/web/reconciliation/reco3/services/reconciliation_viaf.php on line 68
[14-Apr-2014 19:59:49] PHP Warning:  file_get_contents(http://viaf.org/viaf/search?query=local.personalNames+all+Kocsis%2C+Imre&httpAccept=application%2Frss%2Bxml): failed to open stream: HTTP request failed!  in /home/web/reconciliation/reco3/services/reconciliation_viaf.php on line 68
[14-Apr-2014 19:59:54] PHP Warning:  file_get_contents(http://viaf.org/viaf/search?query=local.personalNames+all+Tzaig%2C+Uri&httpAccept=application%2Frss%2Bxml): failed to open stream: HTTP request failed!  in /home/web/reconciliation/reco3/services/reconciliation_viaf.php on line 68
[14-Apr-2014 19:59:54] PHP Warning:  file_get_contents(http://viaf.org/viaf/search?query=local.personalNames+all+De+Mey%2C+Gaston&httpAccept=application%2Frss%2Bxml): failed to open stream: HTTP request failed!  in /home/web/reconciliation/reco3/services/reconciliation_viaf.php on line 68
[14-Apr-2014 19:59:54] PHP Warning:  file_get_contents(http://viaf.org/viaf/search?query=local.personalNames+all+Rodin%2C+Auguste&httpAccept=application%2Frss%2Bxml): failed to open stream: HTTP request failed!  in /home/web/reconciliation/reco3/services/reconciliation_viaf.php on line 68
[14-Apr-2014 19:59:55] PHP Warning:  file_get_contents(http://viaf.org/viaf/search?query=local.personalNames+all+Severen%2C+Dan+Van&httpAccept=application%2Frss%2Bxml): failed to open stream: HTTP request failed!  in /home/web/reconciliation/reco3/services/reconciliation_viaf.php on line 68
[14-Apr-2014 19:59:55] PHP Warning:  file_get_contents(http://viaf.org/viaf/search?query=local.personalNames+all+Liesegang&httpAccept=application%2Frss%2Bxml): failed to open stream: HTTP request failed!  in /home/web/reconciliation/reco3/services/reconciliation_viaf.php on line 68
[14-Apr-2014 19:59:55] PHP Warning:  file_get_contents(http://viaf.org/viaf/search?query=local.personalNames+all+Figee%2C+Rob+%28Robert%29&httpAccept=application%2Frss%2Bxml): failed to open stream: HTTP request failed!  in /home/web/reconciliation/reco3/services/reconciliation_viaf.php on line 68
[14-Apr-2014 19:59:55] PHP Warning:  file_get_contents(http://viaf.org/viaf/search?query=local.personalNames+all+Appelt%2C+Dieter&httpAccept=application%2Frss%2Bxml): failed to open stream: HTTP request failed!  in /home/web/reconciliation/reco3/services/reconciliation_viaf.php on line 68
[14-Apr-2014 19:59:55] PHP Warning:  file_get_contents(http://viaf.org/viaf/search?query=local.personalNames+all+Leonard%2C+Zoe&httpAccept=application%2Frss%2Bxml): failed to open stream: HTTP request failed!  in /home/web/reconciliation/reco3/services/reconciliation_viaf.php on line 68
[14-Apr-2014 19:59:55] PHP Warning:  file_get_contents(http://viaf.org/viaf/search?query=local.personalNames+all+Rainer%2C+Yvonne&httpAccept=application%2Frss%2Bxml): failed to open stream: HTTP request failed!  in /home/web/reconciliation/reco3/services/reconciliation_viaf.php on line 68
[14-Apr-2014 19:59:56] PHP Warning:  file_get_contents(http://viaf.org/viaf/search?query=local.personalNames+all+Bernier%2C+Charles&httpAccept=application%2Frss%2Bxml): failed to open stream: HTTP request failed!  in /home/web/reconciliation/reco3/services/reconciliation_viaf.php on line 68
[14-Apr-2014 19:59:56] PHP Warning:  file_get_contents(http://viaf.org/viaf/search?query=local.personalNames+all+Merz%2C+Mario&httpAccept=application%2Frss%2Bxml): failed to open stream: HTTP request failed!  in /home/web/reconciliation/reco3/services/reconciliation_viaf.php on line 68
[14-Apr-2014 19:59:56] PHP Warning:  file_get_contents(http://viaf.org/viaf/search?query=local.personalNames+all+De+Cordier%2C+Thierry&httpAccept=application%2Frss%2Bxml): failed to open stream: HTTP request failed!  in /home/web/reconciliation/reco3/services/reconciliation_viaf.php on line 68
[14-Apr-2014 19:59:56] PHP Warning:  file_get_contents(http://viaf.org/viaf/search?query=local.personalNames+all+Collart-Henrotin%2C+Marie&httpAccept=application%2Frss%2Bxml): failed to open stream: HTTP request failed!  in /home/web/reconciliation/reco3/services/reconciliation_viaf.php on line 68
[14-Apr-2014 19:59:56] PHP Warning:  file_get_contents(http://viaf.org/viaf/search?query=local.personalNames+all+Lodeizen%2C+Frank&httpAccept=application%2Frss%2Bxml): failed to open stream: HTTP request failed!  in /home/web/reconciliation/reco3/services/reconciliation_viaf.php on line 68
[14-Apr-2014 19:59:56] PHP Warning:  file_get_contents(http://viaf.org/viaf/search?query=local.personalNames+all+Strik%2C+Elly&httpAccept=application%2Frss%2Bxml): failed to open stream: HTTP request failed!  in /home/web/reconciliation/reco3/services/reconciliation_viaf.php on line 68
[14-Apr-2014 19:59:56] PHP Warning:  file_get_contents(http://viaf.org/viaf/search?query=local.personalNames+all+Erd%C3%A9ly%2C+Mikl%C3%B3s&httpAccept=application%2Frss%2Bxml): failed to open stream: HTTP request failed!  in /home/web/reconciliation/reco3/services/reconciliation_viaf.php on line 68
[14-Apr-2014 19:59:56] PHP Warning:  file_get_contents(http://viaf.org/viaf/search?query=local.personalNames+all+Liz%C3%A8ne%2C+Jacques&httpAccept=application%2Frss%2Bxml): failed to open stream: HTTP request failed!  in /home/web/reconciliation/reco3/services/reconciliation_viaf.php on line 68
[14-Apr-2014 19:59:57] PHP Warning:  file_get_contents(http://viaf.org/viaf/search?query=local.personalNames+all+Usl%C3%A9%2C+Juan&httpAccept=application%2Frss%2Bxml): failed to open stream: HTTP request failed!  in /home/web/reconciliation/reco3/services/reconciliation_viaf.php on line 68
[14-Apr-2014 19:59:57] PHP Warning:  file_get_contents(http://viaf.org/viaf/search?query=local.personalNames+all+Dusart%2C+Cornelis&httpAccept=application%2Frss%2Bxml): failed to open stream: HTTP request failed!  in /home/web/reconciliation/reco3/services/reconciliation_viaf.php on line 68
[14-Apr-2014 19:59:57] PHP Warning:  file_get_contents(http://viaf.org/viaf/search?query=local.personalNames+all+Szpalowski%2C+Waclaw&httpAccept=application%2Frss%2Bxml): failed to open stream: HTTP request failed!  in /home/web/reconciliation/reco3/services/reconciliation_viaf.php on line 68
[14-Apr-2014 19:59:57] PHP Warning:  file_get_contents(http://viaf.org/viaf/search?query=local.personalNames+all+Ingelgom%2C+Ignace+Van&httpAccept=application%2Frss%2Bxml): failed to open stream: HTTP request failed!  in /home/web/reconciliation/reco3/services/reconciliation_viaf.php on line 68
[14-Apr-2014 19:59:57] PHP Warning:  file_get_contents(http://viaf.org/viaf/search?query=local.personalNames+all+Sustermans%2C+Justus&httpAccept=application%2Frss%2Bxml): failed to open stream: HTTP request failed!  in /home/web/reconciliation/reco3/services/reconciliation_viaf.php on line 68
[14-Apr-2014 20:00:01] PHP Warning:  file_get_contents(http://viaf.org/viaf/search?query=local.personalNames+all+Vandeghinste%2C+Inez&httpAccept=application%2Frss%2Bxml): failed to open stream: HTTP request failed!  in /home/web/reconciliation/reco3/services/reconciliation_viaf.php on line 68
[14-Apr-2014 20:00:01] PHP Warning:  file_get_contents(http://viaf.org/viaf/search?query=local.personalNames+all+ORLAN&httpAccept=application%2Frss%2Bxml): failed to open stream: HTTP request failed!  in /home/web/reconciliation/reco3/services/reconciliation_viaf.php on line 68
[14-Apr-2014 20:00:01] PHP Warning:  file_get_contents(http://viaf.org/viaf/search?query=local.personalNames+all+Wiethase%2C+Edgard&httpAccept=application%2Frss%2Bxml): failed to open stream: HTTP request failed!  in /home/web/reconciliation/reco3/services/reconciliation_viaf.php on line 68
[14-Apr-2014 20:00:01] PHP Warning:  file_get_contents(http://viaf.org/viaf/search?query=local.personalNames+all+Neer%2C+Aert+van+der&httpAccept=application%2Frss%2Bxml): failed to open stream: HTTP request failed!  in /home/web/reconciliation/reco3/services/reconciliation_viaf.php on line 68
[14-Apr-2014 20:00:02] PHP Warning:  file_get_contents(http://viaf.org/viaf/search?query=local.personalNames+all+Wytsman%2C+Rodolphe&httpAccept=application%2Frss%2Bxml): failed to open stream: HTTP request failed!  in /home/web/reconciliation/reco3/services/reconciliation_viaf.php on line 68
[14-Apr-2014 20:00:02] PHP Warning:  file_get_contents(http://viaf.org/viaf/search?query=local.personalNames+all+Agfa&httpAccept=application%2Frss%2Bxml): failed to open stream: HTTP request failed!  in /home/web/reconciliation/reco3/services/reconciliation_viaf.php on line 68
[14-Apr-2014 20:00:02] PHP Warning:  file_get_contents(http://viaf.org/viaf/search?query=local.personalNames+all+Croegaert+Van+Bree%2C+Jean-Jacques&httpAccept=application%2Frss%2Bxml): failed to open stream: HTTP request failed!  in /home/web/reconciliation/reco3/services/reconciliation_viaf.php on line 68
[14-Apr-2014 20:00:02] PHP Warning:  file_get_contents(http://viaf.org/viaf/search?query=local.personalNames+all+Mazo%2C+E.&httpAccept=application%2Frss%2Bxml): failed to open stream: HTTP request failed!  in /home/web/reconciliation/reco3/services/reconciliation_viaf.php on line 68
[14-Apr-2014 20:00:02] PHP Warning:  file_get_contents(http://viaf.org/viaf/search?query=local.personalNames+all+Titz%2C+Louis&httpAccept=application%2Frss%2Bxml): failed to open stream: HTTP request failed!  in /home/web/reconciliation/reco3/services/reconciliation_viaf.php on line 68
[14-Apr-2014 20:00:02] PHP Warning:  file_get_contents(http://viaf.org/viaf/search?query=local.personalNames+all+Strick%2C+Hendrik&httpAccept=application%2Frss%2Bxml): failed to open stream: HTTP request failed!  in /home/web/reconciliation/reco3/services/reconciliation_viaf.php on line 68
[14-Apr-2014 20:00:03] PHP Warning:  file_get_contents(http://viaf.org/viaf/search?query=local.personalNames+all+Meireles%2C+Cildo&httpAccept=application%2Frss%2Bxml): failed to open stream: HTTP request failed!  in /home/web/reconciliation/reco3/services/reconciliation_viaf.php on line 68
[14-Apr-2014 20:00:03] PHP Warning:  file_get_contents(http://viaf.org/viaf/search?query=local.personalNames+all+Wytsman-Trullemans%2C+Juliette&httpAccept=application%2Frss%2Bxml): failed to open stream: HTTP request failed!  in /home/web/reconciliation/reco3/services/reconciliation_viaf.php on line 68
[14-Apr-2014 20:00:03] PHP Warning:  file_get_contents(http://viaf.org/viaf/search?query=local.personalNames+all+Broucke%2C+Koen&httpAccept=application%2Frss%2Bxml): failed to open stream: HTTP request failed!  in /home/web/reconciliation/reco3/services/reconciliation_viaf.php on line 68
[14-Apr-2014 20:00:03] PHP Warning:  file_get_contents(http://viaf.org/viaf/search?query=local.personalNames+all+Sato%2C+Keiko&httpAccept=application%2Frss%2Bxml): failed to open stream: HTTP request failed!  in /home/web/reconciliation/reco3/services/reconciliation_viaf.php on line 68
[14-Apr-2014 20:00:03] PHP Warning:  file_get_contents(http://viaf.org/viaf/search?query=local.personalNames+all+Deacon%2C+Richard&httpAccept=application%2Frss%2Bxml): failed to open stream: HTTP request failed!  in /home/web/reconciliation/reco3/services/reconciliation_viaf.php on line 68
[14-Apr-2014 20:00:03] PHP Warning:  file_get_contents(http://viaf.org/viaf/search?query=local.personalNames+all+Huebler%2C+Douglas&httpAccept=application%2Frss%2Bxml): failed to open stream: HTTP request failed!  in /home/web/reconciliation/reco3/services/reconciliation_viaf.php on line 68
[14-Apr-2014 20:00:03] PHP Warning:  file_get_contents(http://viaf.org/viaf/search?query=local.personalNames+all+Grimmer%2C+Jacob&httpAccept=application%2Frss%2Bxml): failed to open stream: HTTP request failed!  in /home/web/reconciliation/reco3/services/reconciliation_viaf.php on line 68
[14-Apr-2014 20:00:04] PHP Warning:  file_get_contents(http://viaf.org/viaf/search?query=local.personalNames+all+Craesbeeck%2C+Joos+van&httpAccept=application%2Frss%2Bxml): failed to open stream: HTTP request failed!  in /home/web/reconciliation/reco3/services/reconciliation_viaf.php on line 68
[14-Apr-2014 20:01:23] PHP Warning:  file_get_contents(http://viaf.org/viaf/search?query=local.personalNames+all+De+Smet&httpAccept=application%2Frss%2Bxml): failed to open stream: HTTP request failed!  in /home/web/reconciliation/reco3/services/reconciliation_viaf.php on line 68
[14-Apr-2014 20:01:23] PHP Warning:  file_get_contents(http://viaf.org/viaf/search?query=local.personalNames+all+Sanches%2C+Rui&httpAccept=application%2Frss%2Bxml): failed to open stream: HTTP request failed!  in /home/web/reconciliation/reco3/services/reconciliation_viaf.php on line 68
[14-Apr-2014 20:01:23] PHP Warning:  file_get_contents(http://viaf.org/viaf/search?query=local.personalNames+all+Dijkstra%2C+Jakob&httpAccept=application%2Frss%2Bxml): failed to open stream: HTTP request failed!  in /home/web/reconciliation/reco3/services/reconciliation_viaf.php on line 68
[14-Apr-2014 20:01:25] PHP Warning:  file_get_contents(http://viaf.org/viaf/search?query=local.personalNames+all+Mir%2C+Aleksandra&httpAccept=application%2Frss%2Bxml): failed to open stream: HTTP request failed!  in /home/web/reconciliation/reco3/services/reconciliation_viaf.php on line 68
[14-Apr-2014 20:01:25] PHP Warning:  file_get_contents(http://viaf.org/viaf/search?query=local.personalNames+all+Raynaud%2C+Jean+Pierre&httpAccept=application%2Frss%2Bxml): failed to open stream: HTTP request failed!  in /home/web/reconciliation/reco3/services/reconciliation_viaf.php on line 68
[14-Apr-2014 20:01:25] PHP Warning:  file_get_contents(http://viaf.org/viaf/search?query=local.personalNames+all+Cordier%2C+Thierry+de&httpAccept=application%2Frss%2Bxml): failed to open stream: HTTP request failed!  in /home/web/reconciliation/reco3/services/reconciliation_viaf.php on line 68
[14-Apr-2014 20:01:26] PHP Warning:  file_get_contents(http://viaf.org/viaf/search?query=local.personalNames+all+Baumgarten%2C+Lothar&httpAccept=application%2Frss%2Bxml): failed to open stream: HTTP request failed!  in /home/web/reconciliation/reco3/services/reconciliation_viaf.php on line 68
[14-Apr-2014 20:01:29] PHP Warning:  file_get_contents(http://viaf.org/viaf/search?query=local.personalNames+all+Edison%2C+Thomas+A.&httpAccept=application%2Frss%2Bxml): failed to open stream: HTTP request failed!  in /home/web/reconciliation/reco3/services/reconciliation_viaf.php on line 68
[14-Apr-2014 20:01:29] PHP Warning:  file_get_contents(http://viaf.org/viaf/search?query=local.personalNames+all+Anonieme+Meester%2C+Spaanse+school%2C+17de+eeuw&httpAccept=application%2Frss%2Bxml): failed to open stream: HTTP request failed!  in /home/web/reconciliation/reco3/services/reconciliation_viaf.php on line 68
[14-Apr-2014 20:01:29] PHP Warning:  file_get_contents(http://viaf.org/viaf/search?query=local.personalNames+all+Gygi%2C+Fabrice&httpAccept=application%2Frss%2Bxml): failed to open stream: HTTP request failed!  in /home/web/reconciliation/reco3/services/reconciliation_viaf.php on line 68
[14-Apr-2014 20:01:30] PHP Warning:  file_get_contents(http://viaf.org/viaf/search?query=local.personalNames+all+Ratsma%2C+Jeltje&httpAccept=application%2Frss%2Bxml): failed to open stream: HTTP request failed!  in /home/web/reconciliation/reco3/services/reconciliation_viaf.php on line 68
[14-Apr-2014 20:01:30] PHP Warning:  file_get_contents(http://viaf.org/viaf/search?query=local.personalNames+all+Gutov%2C+Dmitry&httpAccept=application%2Frss%2Bxml): failed to open stream: HTTP request failed!  in /home/web/reconciliation/reco3/services/reconciliation_viaf.php on line 68
[14-Apr-2014 20:01:30] PHP Warning:  file_get_contents(http://viaf.org/viaf/search?query=local.personalNames+all+Anonieme+Meester%2C+Noord-Nederlands%2C+1ste+helft+16de+eeuw&httpAccept=application%2Frss%2Bxml): failed to open stream: HTTP request failed!  in /home/web/reconciliation/reco3/services/reconciliation_viaf.php on line 68
[14-Apr-2014 20:01:30] PHP Warning:  file_get_contents(http://viaf.org/viaf/search?query=local.personalNames+all+Anonieme+Meester%2C+Zuid-Nederlands%2C+1561&httpAccept=application%2Frss%2Bxml): failed to open stream: HTTP request failed!  in /home/web/reconciliation/reco3/services/reconciliation_viaf.php on line 68
[14-Apr-2014 20:01:31] PHP Warning:  file_get_contents(http://viaf.org/viaf/search?query=local.personalNames+all+Looymans%2C+Romain&httpAccept=application%2Frss%2Bxml): failed to open stream: HTTP request failed!  in /home/web/reconciliation/reco3/services/reconciliation_viaf.php on line 68
[14-Apr-2014 20:01:32] PHP Warning:  file_get_contents(http://viaf.org/viaf/search?query=local.personalNames+all+Daniels%2C+Ren%C3%A9&httpAccept=application%2Frss%2Bxml): failed to open stream: HTTP request failed!  in /home/web/reconciliation/reco3/services/reconciliation_viaf.php on line 68
[14-Apr-2014 20:01:32] PHP Warning:  file_get_contents(http://viaf.org/viaf/search?query=local.personalNames+all+Armando&httpAccept=application%2Frss%2Bxml): failed to open stream: HTTP request failed!  in /home/web/reconciliation/reco3/services/reconciliation_viaf.php on line 68
[14-Apr-2014 20:01:33] PHP Warning:  file_get_contents(http://viaf.org/viaf/search?query=local.personalNames+all+Hambleton%2C+Richard&httpAccept=application%2Frss%2Bxml): failed to open stream: HTTP request failed!  in /home/web/reconciliation/reco3/services/reconciliation_viaf.php on line 68
[14-Apr-2014 20:01:33] PHP Warning:  file_get_contents(http://viaf.org/viaf/search?query=local.personalNames+all+Maria%2C+Nicola+De&httpAccept=application%2Frss%2Bxml): failed to open stream: HTTP request failed!  in /home/web/reconciliation/reco3/services/reconciliation_viaf.php on line 68
[14-Apr-2014 20:01:33] PHP Warning:  file_get_contents(http://viaf.org/viaf/search?query=local.personalNames+all+Cottingham%2C+Robert&httpAccept=application%2Frss%2Bxml): failed to open stream: HTTP request failed!  in /home/web/reconciliation/reco3/services/reconciliation_viaf.php on line 68
[14-Apr-2014 20:01:33] PHP Warning:  file_get_contents(http://viaf.org/viaf/search?query=local.personalNames+all+Giessen%2C+Arie+Van+De&httpAccept=application%2Frss%2Bxml): failed to open stream: HTTP request failed!  in /home/web/reconciliation/reco3/services/reconciliation_viaf.php on line 68
[14-Apr-2014 20:01:34] PHP Warning:  file_get_contents(http://viaf.org/viaf/search?query=local.personalNames+all+Meerbergen%2C+Rudolf&httpAccept=application%2Frss%2Bxml): failed to open stream: HTTP request failed!  in /home/web/reconciliation/reco3/services/reconciliation_viaf.php on line 68
[14-Apr-2014 20:01:34] PHP Warning:  file_get_contents(http://viaf.org/viaf/search?query=local.personalNames+all+Mkize%2C+Fanoi&httpAccept=application%2Frss%2Bxml): failed to open stream: HTTP request failed!  in /home/web/reconciliation/reco3/services/reconciliation_viaf.php on line 68
[14-Apr-2014 20:01:34] PHP Warning:  file_get_contents(http://viaf.org/viaf/search?query=local.personalNames+all+Charlton%2C+Alan&httpAccept=application%2Frss%2Bxml): failed to open stream: HTTP request failed!  in /home/web/reconciliation/reco3/services/reconciliation_viaf.php on line 68
[14-Apr-2014 20:01:35] PHP Warning:  file_get_contents(http://viaf.org/viaf/search?query=local.personalNames+all+Olensen%2C+Muriel&httpAccept=application%2Frss%2Bxml): failed to open stream: HTTP request failed!  in /home/web/reconciliation/reco3/services/reconciliation_viaf.php on line 68
[14-Apr-2014 20:01:35] PHP Warning:  file_get_contents(http://viaf.org/viaf/search?query=local.personalNames+all+Dyckmans%2C+Jozef+Laurent&httpAccept=application%2Frss%2Bxml): failed to open stream: HTTP request failed!  in /home/web/reconciliation/reco3/services/reconciliation_viaf.php on line 68
[14-Apr-2014 20:01:35] PHP Warning:  file_get_contents(http://viaf.org/viaf/search?query=local.personalNames+all+Avermaete%2C+Roger&httpAccept=application%2Frss%2Bxml): failed to open stream: HTTP request failed!  in /home/web/reconciliation/reco3/services/reconciliation_viaf.php on line 68
[14-Apr-2014 20:01:36] PHP Warning:  file_get_contents(http://viaf.org/viaf/search?query=local.personalNames+all+Nikon&httpAccept=application%2Frss%2Bxml): failed to open stream: HTTP request failed!  in /home/web/reconciliation/reco3/services/reconciliation_viaf.php on line 68
[14-Apr-2014 20:01:36] PHP Warning:  file_get_contents(http://viaf.org/viaf/search?query=local.personalNames+all+Saelemaekers%2C+Andr%C3%A9&httpAccept=application%2Frss%2Bxml): failed to open stream: HTTP request failed!  in /home/web/reconciliation/reco3/services/reconciliation_viaf.php on line 68
[14-Apr-2014 20:01:36] PHP Warning:  file_get_contents(http://viaf.org/viaf/search?query=local.personalNames+all+Naveau%2C+Nadia&httpAccept=application%2Frss%2Bxml): failed to open stream: HTTP request failed!  in /home/web/reconciliation/reco3/services/reconciliation_viaf.php on line 68
[14-Apr-2014 20:01:37] PHP Warning:  file_get_contents(http://viaf.org/viaf/search?query=local.personalNames+all+International+Mutoscope+Corp.&httpAccept=application%2Frss%2Bxml): failed to open stream: HTTP request failed!  in /home/web/reconciliation/reco3/services/reconciliation_viaf.php on line 68
[14-Apr-2014 20:01:37] PHP Warning:  file_get_contents(http://viaf.org/viaf/search?query=local.personalNames+all+Macuga%2C+Goshka&httpAccept=application%2Frss%2Bxml): failed to open stream: HTTP request failed!  in /home/web/reconciliation/reco3/services/reconciliation_viaf.php on line 68
[14-Apr-2014 20:01:37] PHP Warning:  file_get_contents(http://viaf.org/viaf/search?query=local.personalNames+all+Willink%2C+Carel&httpAccept=application%2Frss%2Bxml): failed to open stream: HTTP request failed!  in /home/web/reconciliation/reco3/services/reconciliation_viaf.php on line 68
[14-Apr-2014 20:01:37] PHP Warning:  file_get_contents(http://viaf.org/viaf/search?query=local.personalNames+all+Delahante+Matienzo%2C+Susana+Pilar&httpAccept=application%2Frss%2Bxml): failed to open stream: HTTP request failed!  in /home/web/reconciliation/reco3/services/reconciliation_viaf.php on line 68
[14-Apr-2014 20:01:37] PHP Warning:  file_get_contents(http://viaf.org/viaf/search?query=local.personalNames+all+Charlesworth%2C+Sarah&httpAccept=application%2Frss%2Bxml): failed to open stream: HTTP request failed!  in /home/web/reconciliation/reco3/services/reconciliation_viaf.php on line 68
[14-Apr-2014 20:01:37] PHP Warning:  file_get_contents(http://viaf.org/viaf/search?query=local.personalNames+all+Anonieme+Meester%2C+Zuid-Nederlands%2C+2de+helft+15de+eeuw&httpAccept=application%2Frss%2Bxml): failed to open stream: HTTP request failed!  in /home/web/reconciliation/reco3/services/reconciliation_viaf.php on line 68
[14-Apr-2014 20:01:38] PHP Warning:  file_get_contents(http://viaf.org/viaf/search?query=local.personalNames+all+Cole%2C+Stijn&httpAccept=application%2Frss%2Bxml): failed to open stream: HTTP request failed!  in /home/web/reconciliation/reco3/services/reconciliation_viaf.php on line 68
[14-Apr-2014 20:01:38] PHP Warning:  file_get_contents(http://viaf.org/viaf/search?query=local.personalNames+all+Martin+Lucas+LTD&httpAccept=application%2Frss%2Bxml): failed to open stream: HTTP request failed!  in /home/web/reconciliation/reco3/services/reconciliation_viaf.php on line 68
[14-Apr-2014 20:01:38] PHP Warning:  file_get_contents(http://viaf.org/viaf/search?query=local.personalNames+all+Brusselmans%2C+Jean&httpAccept=application%2Frss%2Bxml): failed to open stream: HTTP request failed!  in /home/web/reconciliation/reco3/services/reconciliation_viaf.php on line 68
[14-Apr-2014 20:01:39] PHP Warning:  file_get_contents(http://viaf.org/viaf/search?query=local.personalNames+all+Tschaggeny%2C+Fr%C3%A9d%C3%A9ric-Pierre&httpAccept=application%2Frss%2Bxml): failed to open stream: HTTP request failed!  in /home/web/reconciliation/reco3/services/reconciliation_viaf.php on line 68
[14-Apr-2014 20:01:39] PHP Warning:  file_get_contents(http://viaf.org/viaf/search?query=local.personalNames+all+Wilde%2C+Johan+De&httpAccept=application%2Frss%2Bxml): failed to open stream: HTTP request failed!  in /home/web/reconciliation/reco3/services/reconciliation_viaf.php on line 68
[14-Apr-2014 20:01:39] PHP Warning:  file_get_contents(http://viaf.org/viaf/search?query=local.personalNames+all+Schwartze%2C+Th%C3%A9r%C3%A8se&httpAccept=application%2Frss%2Bxml): failed to open stream: HTTP request failed!  in /home/web/reconciliation/reco3/services/reconciliation_viaf.php on line 68
[14-Apr-2014 20:01:39] PHP Warning:  file_get_contents(http://viaf.org/viaf/search?query=local.personalNames+all+DC%2C+Franky&httpAccept=application%2Frss%2Bxml): failed to open stream: HTTP request failed!  in /home/web/reconciliation/reco3/services/reconciliation_viaf.php on line 68
[14-Apr-2014 20:01:40] PHP Warning:  file_get_contents(http://viaf.org/viaf/search?query=local.personalNames+all+Bouwman%2C+Richard&httpAccept=application%2Frss%2Bxml): failed to open stream: HTTP request failed!  in /home/web/reconciliation/reco3/services/reconciliation_viaf.php on line 68
[14-Apr-2014 20:01:40] PHP Warning:  file_get_contents(http://viaf.org/viaf/search?query=local.personalNames+all+Melot%2C+Gilles+Hyacinthe&httpAccept=application%2Frss%2Bxml): failed to open stream: HTTP request failed!  in /home/web/reconciliation/reco3/services/reconciliation_viaf.php on line 68
[14-Apr-2014 20:01:40] PHP Warning:  file_get_contents(http://viaf.org/viaf/search?query=local.personalNames+all+Damian%2C+Horia&httpAccept=application%2Frss%2Bxml): failed to open stream: HTTP request failed!  in /home/web/reconciliation/reco3/services/reconciliation_viaf.php on line 68
[14-Apr-2014 20:01:40] PHP Warning:  file_get_contents(http://viaf.org/viaf/search?query=local.personalNames+all+Niezoldi+%26+Kr%C3%A4mer&httpAccept=application%2Frss%2Bxml): failed to open stream: HTTP request failed!  in /home/web/reconciliation/reco3/services/reconciliation_viaf.php on line 68
[14-Apr-2014 20:01:40] PHP Warning:  file_get_contents(http://viaf.org/viaf/search?query=local.personalNames+all+De+Vree%2C+Paul&httpAccept=application%2Frss%2Bxml): failed to open stream: HTTP request failed!  in /home/web/reconciliation/reco3/services/reconciliation_viaf.php on line 68
[14-Apr-2014 20:01:41] PHP Warning:  file_get_contents(http://viaf.org/viaf/search?query=local.personalNames+all+Rolleiflex&httpAccept=application%2Frss%2Bxml): failed to open stream: HTTP request failed!  in /home/web/reconciliation/reco3/services/reconciliation_viaf.php on line 68
[14-Apr-2014 20:01:41] PHP Warning:  file_get_contents(http://viaf.org/viaf/search?query=local.personalNames+all+Simplex&httpAccept=application%2Frss%2Bxml): failed to open stream: HTTP request failed!  in /home/web/reconciliation/reco3/services/reconciliation_viaf.php on line 68
[14-Apr-2014 20:01:41] PHP Warning:  file_get_contents(http://viaf.org/viaf/search?query=local.personalNames+all+Setch%2C+Terry&httpAccept=application%2Frss%2Bxml): failed to open stream: HTTP request failed!  in /home/web/reconciliation/reco3/services/reconciliation_viaf.php on line 68
[14-Apr-2014 20:01:41] PHP Warning:  file_get_contents(http://viaf.org/viaf/search?query=local.personalNames+all+Plompen%2C+Willy&httpAccept=application%2Frss%2Bxml): failed to open stream: HTTP request failed!  in /home/web/reconciliation/reco3/services/reconciliation_viaf.php on line 68
[14-Apr-2014 20:01:41] PHP Warning:  file_get_contents(http://viaf.org/viaf/search?query=local.personalNames+all+Gerz%2C+Jochen&httpAccept=application%2Frss%2Bxml): failed to open stream: HTTP request failed!  in /home/web/reconciliation/reco3/services/reconciliation_viaf.php on line 68
[14-Apr-2014 22:19:49] PHP Warning:  Invalid argument supplied for foreach() in /home/web/reconciliation/reco3/services/reconciliation_api.php on line 141
[14-Apr-2014 22:24:41] PHP Warning:  Invalid argument supplied for foreach() in /home/web/reconciliation/reco3/services/reconciliation_api.php on line 141
[14-Apr-2014 22:59:27] PHP Warning:  Invalid argument supplied for foreach() in /home/web/reconciliation/reco3/services/reconciliation_api.php on line 141
[14-Apr-2014 23:23:29] PHP Warning:  Invalid argument supplied for foreach() in /home/web/reconciliation/reco3/services/reconciliation_api.php on line 141
[14-Apr-2014 23:39:26] PHP Warning:  file_get_contents(http://viaf.org/viaf/search?query=local.personalNames+all+Leon+Spilliaert&httpAccept=application%2Frss%2Bxml): failed to open stream: HTTP request failed!  in /home/web/reconciliation/reco3/services/reconciliation_viaf.php on line 68
[14-Apr-2014 23:39:32] PHP Warning:  file_get_contents(http://viaf.org/viaf/search?query=local.personalNames+all+Gilbert+Decock&httpAccept=application%2Frss%2Bxml): failed to open stream: HTTP request failed!  in /home/web/reconciliation/reco3/services/reconciliation_viaf.php on line 68
[15-Apr-2014 00:03:23] PHP Warning:  file_get_contents(http://viaf.org/viaf/search?query=local.personalNames+all+toegeschreven+aan+Peeter+Gijsels+%28naar+Jan+Brueghel+I%29&httpAccept=application%2Frss%2Bxml): failed to open stream: HTTP request failed!  in /home/web/reconciliation/reco3/services/reconciliation_viaf.php on line 68
[15-Apr-2014 00:03:28] PHP Warning:  file_get_contents(http://viaf.org/viaf/search?query=local.personalNames+all+Felix+De+Vigne&httpAccept=application%2Frss%2Bxml): failed to open stream: HTTP request failed!  in /home/web/reconciliation/reco3/services/reconciliation_viaf.php on line 68
[15-Apr-2014 00:03:33] PHP Warning:  file_get_contents(http://viaf.org/viaf/search?query=local.personalNames+all+Frans+Pourbus+II&httpAccept=application%2Frss%2Bxml): failed to open stream: HTTP request failed!  in /home/web/reconciliation/reco3/services/reconciliation_viaf.php on line 68
[15-Apr-2014 08:32:12] PHP Warning:  Invalid argument supplied for foreach() in /home/web/reconciliation/reco3/services/reconciliation_api.php on line 141
[15-Apr-2014 09:46:21] PHP Warning:  Invalid argument supplied for foreach() in /home/web/reconciliation/reco3/services/reconciliation_api.php on line 141
[15-Apr-2014 09:47:37] PHP Warning:  Invalid argument supplied for foreach() in /home/web/reconciliation/reco3/services/reconciliation_api.php on line 141
[15-Apr-2014 10:34:18] PHP Warning:  Invalid argument supplied for foreach() in /home/web/reconciliation/reco3/services/reconciliation_api.php on line 141
[15-Apr-2014 13:13:59] PHP Warning:  Invalid argument supplied for foreach() in /home/web/reconciliation/reco3/services/reconciliation_api.php on line 141
[15-Apr-2014 15:24:38] PHP Warning:  Invalid argument supplied for foreach() in /home/web/reconciliation/reco3/services/reconciliation_api.php on line 141
[16-Apr-2014 10:36:40] PHP Warning:  Invalid argument supplied for foreach() in /home/web/reconciliation/reco3/services/reconciliation_api.php on line 141
[16-Apr-2014 12:04:41] PHP Warning:  Invalid argument supplied for foreach() in /home/web/reconciliation/reco3/services/reconciliation_api.php on line 141
[18-Apr-2014 10:01:54] PHP Warning:  Invalid argument supplied for foreach() in /home/web/reconciliation/reco3/services/reconciliation_api.php on line 141
[18-Apr-2014 10:26:52] PHP Warning:  Invalid argument supplied for foreach() in /home/web/reconciliation/reco3/services/reconciliation_api.php on line 141
[18-Apr-2014 10:47:50] PHP Warning:  Invalid argument supplied for foreach() in /home/web/reconciliation/reco3/services/reconciliation_api.php on line 141
[18-Apr-2014 10:49:28] PHP Warning:  Invalid argument supplied for foreach() in /home/web/reconciliation/reco3/services/reconciliation_api.php on line 141
[18-Apr-2014 10:52:46] PHP Warning:  Invalid argument supplied for foreach() in /home/web/reconciliation/reco3/services/reconciliation_api.php on line 141
[18-Apr-2014 11:00:29] PHP Warning:  Invalid argument supplied for foreach() in /home/web/reconciliation/reco3/services/reconciliation_api.php on line 141
[25-Apr-2014 09:30:30] PHP Warning:  Invalid argument supplied for foreach() in /home/web/reconciliation/reco3/services/reconciliation_api.php on line 141
[25-Apr-2014 10:31:14] PHP Warning:  Invalid argument supplied for foreach() in /home/web/reconciliation/reco3/services/reconciliation_api.php on line 141
[27-Apr-2014 12:31:09] PHP Warning:  Invalid argument supplied for foreach() in /home/web/reconciliation/reco3/services/reconciliation_api.php on line 141
[27-Apr-2014 17:23:49] PHP Warning:  Invalid argument supplied for foreach() in /home/web/reconciliation/reco3/services/reconciliation_api.php on line 141
[02-May-2014 10:16:31] PHP Warning:  file_put_contents(): Only 0 of 111 bytes written, possibly out of free disk space in /home/web/reconciliation/reco3/services/reconciliation_api.php on line 49
[02-May-2014 10:16:32] PHP Warning:  file_put_contents(): Only 0 of 1212 bytes written, possibly out of free disk space in /home/web/reconciliation/reco3/services/reconciliation_api.php on line 49
[02-May-2014 10:16:32] PHP Warning:  file_put_contents(): Only 0 of 2 bytes written, possibly out of free disk space in /home/web/reconciliation/reco3/services/reconciliation_api.php on line 49
[02-May-2014 10:16:32] PHP Warning:  file_put_contents(): Only 0 of 114 bytes written, possibly out of free disk space in /home/web/reconciliation/reco3/services/reconciliation_api.php on line 49
[02-May-2014 10:16:32] PHP Warning:  file_put_contents(): Only 0 of 112 bytes written, possibly out of free disk space in /home/web/reconciliation/reco3/services/reconciliation_api.php on line 49
[02-May-2014 10:16:32] PHP Warning:  file_put_contents(): Only 0 of 1205 bytes written, possibly out of free disk space in /home/web/reconciliation/reco3/services/reconciliation_api.php on line 49
[02-May-2014 10:16:32] PHP Warning:  file_put_contents(): Only 0 of 2 bytes written, possibly out of free disk space in /home/web/reconciliation/reco3/services/reconciliation_api.php on line 49
[02-May-2014 10:16:32] PHP Warning:  file_put_contents(): Only 0 of 118 bytes written, possibly out of free disk space in /home/web/reconciliation/reco3/services/reconciliation_api.php on line 49
[02-May-2014 10:16:32] PHP Warning:  file_put_contents(): Only 0 of 117 bytes written, possibly out of free disk space in /home/web/reconciliation/reco3/services/reconciliation_api.php on line 49
[02-May-2014 10:16:32[20-May-2014 13:47:33] PHP Warning:  Invalid argument supplied for foreach() in /home/web/reconciliation/reco3/services/reconciliation_api.php on line 141
[20-May-2014 16:25:18] PHP Warning:  Invalid argument supplied for foreach() in /home/web/reconciliation/reco3/services/reconciliation_api.php on line 141
[05-Jun-2014 15:56:06] PHP Warning:  file_get_contents(http://viaf.org/viaf/search?query=local.personalNames+all+van+Reymerswale%2C+Marinus&httpAccept=application%2Frss%2Bxml): failed to open stream: HTTP request failed!  in /home/web/reconciliation/reco3/services/reconciliation_viaf.php on line 68
[05-Jun-2014 15:57:04] PHP Warning:  file_get_contents(http://viaf.org/viaf/search?query=local.personalNames+all+Giacometti%2C+Alberto&httpAccept=application%2Frss%2Bxml): failed to open stream: HTTP request failed! HTTP/1.1 503 Service Unavailable
 in /home/web/reconciliation/reco3/services/reconciliation_viaf.php on line 68
[05-Jun-2014 16:26:17] PHP Warning:  file_get_contents(http://viaf.org/viaf/search?query=local.personalNames+all+Cornelis%2C+Albert&httpAccept=application%2Frss%2Bxml): failed to open stream: HTTP request failed!  in /home/web/reconciliation/reco3/services/reconciliation_viaf.php on line 68
[25-Jun-2014 12:55:42] PHP Warning:  Invalid argument supplied for foreach() in /home/web/reconciliation/reco3/services/reconciliation_api.php on line 141
[14-Jul-2014 12:47:39] PHP Warning:  file_get_contents(http://viaf.org/viaf/search?query=local.personalNames+all+of+the+Legend+of+Saint+Lucy%2C+Master&httpAccept=application%2Frss%2Bxml): failed to open stream: HTTP request failed!  in /home/web/reconciliation/reco3/services/reconciliation_viaf.php on line 68
[14-Jul-2014 12:49:41] PHP Warning:  file_get_contents(http://viaf.org/viaf/search?query=local.personalNames+all+after+Jan+van+Amstel%2C+Copy&httpAccept=application%2Frss%2Bxml): failed to open stream: HTTP request failed!  in /home/web/reconciliation/reco3/services/reconciliation_viaf.php on line 68
[14-Jul-2014 12:51:07] PHP Warning:  file_get_contents(http://viaf.org/viaf/search?query=local.personalNames+all+Tintoretto%2C+Jacopo&httpAccept=application%2Frss%2Bxml): failed to open stream: HTTP request failed!  in /home/web/reconciliation/reco3/services/reconciliation_viaf.php on line 68
[28-Oct-2014 13:21:49] PHP Warning:  Invalid argument supplied for foreach() in /home/web/reconciliation/reco3/services/reconciliation_api.php on line 141
[06-Nov-2014 11:02:58] PHP Warning:  file_get_contents(http://viaf.org/viaf/search?query=local.personalNames+all+Diddens%2C+Ilse&httpAccept=application%2Frss%2Bxml): failed to open stream: HTTP request failed! HTTP/1.1 429 Too Many Requests
 in /home/web/reconciliation/reco3/services/reconciliation_viaf.php on line 68
[06-Nov-2014 11:02:58] PHP Warning:  file_get_contents(http://viaf.org/viaf/search?query=local.personalNames+all+Ambrosius+I+Francken&httpAccept=application%2Frss%2Bxml): failed to open stream: HTTP request failed! HTTP/1.1 429 Too Many Requests
 in /home/web/reconciliation/reco3/services/reconciliation_viaf.php on line 68
[06-Nov-2014 11:02:58] PHP Warning:  file_get_contents(http://viaf.org/viaf/search?query=local.personalNames+all+Dehaene%2C+Bart&httpAccept=application%2Frss%2Bxml): failed to open stream: HTTP request failed! HTTP/1.1 429 Too Many Requests
 in /home/web/reconciliation/reco3/services/reconciliation_viaf.php on line 68
[06-Nov-2014 11:02:59] PHP Warning:  file_get_contents(http://viaf.org/viaf/search?query=local.personalNames+all+Franck%2C+Stefan&httpAccept=application%2Frss%2Bxml): failed to open stream: HTTP request failed! HTTP/1.1 429 Too Many Requests
 in /home/web/reconciliation/reco3/services/reconciliation_viaf.php on line 68
[06-Nov-2014 11:02:59] PHP Warning:  file_get_contents(http://viaf.org/viaf/search?query=local.personalNames+all+Ambrosius+Francken+I&httpAccept=application%2Frss%2Bxml): failed to open stream: HTTP request failed! HTTP/1.1 429 Too Many Requests
 in /home/web/reconciliation/reco3/services/reconciliation_viaf.php on line 68
[06-Nov-2014 11:02:59] PHP Warning:  file_get_contents(http://viaf.org/viaf/search?query=local.personalNames+all+Thys%2C+Tom&httpAccept=application%2Frss%2Bxml): failed to open stream: HTTP request failed! HTTP/1.1 429 Too Many Requests
 in /home/web/reconciliation/reco3/services/reconciliation_viaf.php on line 68
[06-Nov-2014 11:02:59] PHP Warning:  file_get_contents(http://viaf.org/viaf/search?query=local.personalNames+all+Bouwtechniek%2C+Bureau&httpAccept=application%2Frss%2Bxml): failed to open stream: HTTP request failed! HTTP/1.1 429 Too Many Requests
 in /home/web/reconciliation/reco3/services/reconciliation_viaf.php on line 68
[12-Nov-2014 10:41:57] PHP Warning:  Invalid argument supplied for foreach() in /home/web/reconciliation/reco3/services/reconciliation_api.php on line 141
[12-Nov-2014 10:42:16] PHP Warning:  Invalid argument supplied for foreach() in /home/web/reconciliation/reco3/services/reconciliation_api.php on line 141
[12-Nov-2014 10:43:02] PHP Warning:  Invalid argument supplied for foreach() in /home/web/reconciliation/reco3/services/reconciliation_api.php on line 141
[12-Nov-2014 10:43:12] PHP Warning:  Invalid argument supplied for foreach() in /home/web/reconciliation/reco3/services/reconciliation_api.php on line 141
[12-Nov-2014 10:43:24] PHP Warning:  Invalid argument supplied for foreach() in /home/web/reconciliation/reco3/services/reconciliation_api.php on line 141
[12-Nov-2014 10:43:36] PHP Warning:  Invalid argument supplied for foreach() in /home/web/reconciliation/reco3/services/reconciliation_api.php on line 141
[12-Nov-2014 10:43:39] PHP Warning:  Invalid argument supplied for foreach() in /home/web/reconciliation/reco3/services/reconciliation_api.php on line 141
